2025-09-03 16:12:20 -  com.zaxxer.hikari.pool.ProxyPreparedStatement.execute(ProxyPreparedStatement.java:44)
1. select count(*) cnt
		from
		board

2025-09-03 16:12:20 -  com.zaxxer.hikari.pool.ProxyPreparedStatement.execute(ProxyPreparedStatement.java:44)
1. select count(*) cnt
		from
		board
 {executed in 1 msec}
2025-09-03 16:12:20 - 
|----|
|cnt |
|----|
|20  |
|----|

2025-09-03 16:12:20 -  com.zaxxer.hikari.pool.ProxyPreparedStatement.execute(ProxyPreparedStatement.java:44)
1. select acc_num,
		acc_name,
		balance,
		create_date,
		update_date,
		use_yn
		from bank
		order by acc_name desc
		limit 0, 10

2025-09-03 16:12:20 -  com.zaxxer.hikari.pool.ProxyPreparedStatement.execute(ProxyPreparedStatement.java:44)
1. select acc_num,
		acc_name,
		balance,
		create_date,
		update_date,
		use_yn
		from bank
		order by acc_name desc
		limit 0, 10
 {executed in 2 msec}
2025-09-03 16:12:20 - 
|-------------|---------|--------|----------------------|----------------------|-------|
|acc_num      |acc_name |balance |create_date           |update_date           |use_yn |
|-------------|---------|--------|----------------------|----------------------|-------|
|110444555666 |admin    |10000   |2025-09-01 09:55:14.0 |2025-09-01 17:57:02.0 |Y      |
|-------------|---------|--------|----------------------|----------------------|-------|

