[2025-11-12 09:14:58:685][background-preinit] INFO  o.h.validator.internal.util.Version - HV000001: Hibernate Validator 8.0.3.Final
[2025-11-12 09:14:58:729][restartedMain] INFO  i.korea.app_boot.AppBootApplication - Starting AppBootApplication using Java 21.0.7 with PID 1200 (C:\nahyun.shin\boot-workspace\app-boot\app-boot\build\classes\java\main started by ITSC in C:\nahyun.shin\boot-workspace\app-boot\app-boot)
[2025-11-12 09:14:58:730][restartedMain] INFO  i.korea.app_boot.AppBootApplication - No active profile set, falling back to 1 default profile: "default"
[2025-11-12 09:14:59:918][restartedMain] INFO  o.s.b.d.e.DevToolsPropertyDefaultsPostProcessor - Devtools property defaults active! Set 'spring.devtools.add-properties' to 'false' to disable
[2025-11-12 09:14:59:919][restartedMain] INFO  o.s.b.d.e.DevToolsPropertyDefaultsPostProcessor - For additional web related logging consider setting the 'logging.level.web' property to 'DEBUG'
[2025-11-12 09:14:59:1438][restartedMain] INFO  o.s.d.r.c.RepositoryConfigurationDelegate - Bootstrapping Spring Data JPA repositories in DEFAULT mode.
[2025-11-12 09:14:59:1484][restartedMain] INFO  o.s.d.r.c.RepositoryConfigurationDelegate - Finished Spring Data repository scanning in 40 ms. Found 5 JPA repository interfaces.
[2025-11-12 09:14:59:1542][restartedMain] INFO  o.s.b.f.s.DefaultListableBeanFactory - Overriding bean definition for bean 'characterEncodingFilter' with a different definition: replacing [Root bean: class=null; scope=; abstract=false; lazyInit=null; autowireMode=3; dependencyCheck=0; autowireCandidate=true; primary=false; fallback=false; factoryBeanName=webConfig; factoryMethodName=characterEncodingFilter; initMethodNames=null; destroyMethodNames=[(inferred)]; defined in class path resource [it/korea/app_boot/common/config/WebConfig.class]] with [Root bean: class=null; scope=; abstract=false; lazyInit=null; autowireMode=3; dependencyCheck=0; autowireCandidate=true; primary=false; fallback=false; factoryBeanName=org.springframework.boot.autoconfigure.web.servlet.HttpEncodingAutoConfiguration; factoryMethodName=characterEncodingFilter; initMethodNames=null; destroyMethodNames=[(inferred)]; defined in class path resource [org/springframework/boot/autoconfigure/web/servlet/HttpEncodingAutoConfiguration.class]]
[2025-11-12 09:15:00:2005][restartedMain] INFO  o.s.b.w.e.tomcat.TomcatWebServer - Tomcat initialized with port 9090 (http)
[2025-11-12 09:15:00:2013][restartedMain] INFO  o.a.coyote.http11.Http11NioProtocol - Initializing ProtocolHandler ["http-nio-9090"]
[2025-11-12 09:15:00:2014][restartedMain] INFO  o.a.catalina.core.StandardService - Starting service [Tomcat]
[2025-11-12 09:15:00:2014][restartedMain] INFO  o.a.catalina.core.StandardEngine - Starting Servlet engine: [Apache Tomcat/10.1.44]
[2025-11-12 09:15:00:2062][restartedMain] INFO  o.a.c.c.C.[Tomcat].[localhost].[/] - Initializing Spring embedded WebApplicationContext
[2025-11-12 09:15:00:2062][restartedMain] INFO  o.s.b.w.s.c.ServletWebServerApplicationContext - Root WebApplicationContext: initialization completed in 1143 ms
[2025-11-12 09:15:00:2296][restartedMain] INFO  o.h.jpa.internal.util.LogHelper - HHH000204: Processing PersistenceUnitInfo [name: default]
[2025-11-12 09:15:00:2402][restartedMain] INFO  org.hibernate.Version - HHH000412: Hibernate ORM core version 6.6.26.Final
[2025-11-12 09:15:00:2436][restartedMain] INFO  o.h.c.i.RegionFactoryInitiator - HHH000026: Second-level cache disabled
[2025-11-12 09:15:00:2722][restartedMain] INFO  o.s.o.j.p.SpringPersistenceUnitInfo - No LoadTimeWeaver setup: ignoring JPA class transformer
[2025-11-12 09:15:00:2742][restartedMain] INFO  com.zaxxer.hikari.HikariDataSource - HikariPool-1 - Starting...
[2025-11-12 09:15:01:2811][restartedMain] INFO  com.zaxxer.hikari.pool.HikariPool - HikariPool-1 - Added connection org.mariadb.jdbc.Connection@58583e33
[2025-11-12 09:15:01:2812][restartedMain] INFO  com.zaxxer.hikari.HikariDataSource - HikariPool-1 - Start completed.
[2025-11-12 09:15:01:2838][restartedMain] WARN  org.hibernate.orm.deprecation - HHH90000025: MariaDBDialect does not need to be specified explicitly using 'hibernate.dialect' (remove the property setting and it will be selected by default)
[2025-11-12 09:15:01:2854][restartedMain] INFO  o.hibernate.orm.connections.pooling - HHH10001005: Database info:
	Database JDBC URL [Connecting through datasource 'p6SpyDataSourceDecorator [com.p6spy.engine.spy.P6DataSource] -> dataSource [com.zaxxer.hikari.HikariDataSource]']
	Database driver: undefined/unknown
	Database version: 11.8.2
	Autocommit mode: undefined/unknown
	Isolation level: undefined/unknown
	Minimum pool size: undefined/unknown
	Maximum pool size: undefined/unknown
[2025-11-12 09:15:01:2860][restartedMain] DEBUG o.h.t.d.sql.spi.DdlTypeRegistry - addDescriptor(12, org.hibernate.type.descriptor.sql.internal.CapacityDependentDdlType@8fe2efd) replaced previous registration(org.hibernate.type.descriptor.sql.internal.CapacityDependentDdlType@55348077)
[2025-11-12 09:15:01:2860][restartedMain] DEBUG o.h.t.d.sql.spi.DdlTypeRegistry - addDescriptor(-9, org.hibernate.type.descriptor.sql.internal.CapacityDependentDdlType@21db6da3) replaced previous registration(org.hibernate.type.descriptor.sql.internal.CapacityDependentDdlType@43bf1241)
[2025-11-12 09:15:01:2860][restartedMain] DEBUG o.h.t.d.sql.spi.DdlTypeRegistry - addDescriptor(-3, org.hibernate.type.descriptor.sql.internal.CapacityDependentDdlType@3acf550d) replaced previous registration(org.hibernate.type.descriptor.sql.internal.CapacityDependentDdlType@4b894d1b)
[2025-11-12 09:15:01:2860][restartedMain] DEBUG o.h.t.d.sql.spi.DdlTypeRegistry - addDescriptor(4003, org.hibernate.type.descriptor.sql.internal.DdlTypeImpl@31c597bc) replaced previous registration(org.hibernate.type.descriptor.sql.internal.DdlTypeImpl@a53a6df)
[2025-11-12 09:15:01:2860][restartedMain] DEBUG o.h.t.d.sql.spi.DdlTypeRegistry - addDescriptor(4001, org.hibernate.type.descriptor.sql.internal.DdlTypeImpl@4af4eda5) replaced previous registration(org.hibernate.type.descriptor.sql.internal.DdlTypeImpl@4b949075)
[2025-11-12 09:15:01:2860][restartedMain] DEBUG o.h.t.d.sql.spi.DdlTypeRegistry - addDescriptor(4002, org.hibernate.type.descriptor.sql.internal.DdlTypeImpl@56f186cc) replaced previous registration(org.hibernate.type.descriptor.sql.internal.DdlTypeImpl@4183a793)
[2025-11-12 09:15:01:2860][restartedMain] DEBUG o.h.t.d.sql.spi.DdlTypeRegistry - addDescriptor(2004, org.hibernate.type.descriptor.sql.internal.CapacityDependentDdlType@2cf7e3c3) replaced previous registration(org.hibernate.type.descriptor.sql.internal.DdlTypeImpl@438fc910)
[2025-11-12 09:15:01:2860][restartedMain] DEBUG o.h.t.d.sql.spi.DdlTypeRegistry - addDescriptor(2005, org.hibernate.type.descriptor.sql.internal.CapacityDependentDdlType@1912e04b) replaced previous registration(org.hibernate.type.descriptor.sql.internal.DdlTypeImpl@457163c5)
[2025-11-12 09:15:01:2860][restartedMain] DEBUG o.h.t.d.sql.spi.DdlTypeRegistry - addDescriptor(2011, org.hibernate.type.descriptor.sql.internal.CapacityDependentDdlType@560b6953) replaced previous registration(org.hibernate.type.descriptor.sql.internal.DdlTypeImpl@6bf1edcb)
[2025-11-12 09:15:02:3818][restartedMain] INFO  o.h.e.t.j.p.i.JtaPlatformInitiator - HHH000489: No JTA platform available (set 'hibernate.transaction.jta.platform' to enable JTA platform integration)
[2025-11-12 09:15:02:3860][restartedMain] INFO  p6spy - 2025-11-12 09:15:02 | OperationTime : 21ms | 
(P6Spy sql,Hibernate format):

    select
        table_name 
    from
        information_schema.TABLES 
    where
        table_schema=database() 
        and table_type='SEQUENCE'
[2025-11-12 09:15:02:3872][restartedMain] INFO  o.s.o.j.LocalContainerEntityManagerFactoryBean - Initialized JPA EntityManagerFactory for persistence unit 'default'
[2025-11-12 09:15:02:4068][restartedMain] INFO  o.s.d.j.r.q.QueryEnhancerFactory - Hibernate is in classpath; If applicable, HQL parser will be used.
[2025-11-12 09:15:02:4757][restartedMain] INFO  o.s.s.c.a.a.c.InitializeAuthenticationProviderBeanManagerConfigurer$InitializeAuthenticationProviderManagerConfigurer - Global AuthenticationManager configured with AuthenticationProvider bean with name authProvider
[2025-11-12 09:15:02:4758][restartedMain] WARN  o.s.s.c.a.a.c.InitializeUserDetailsBeanManagerConfigurer$InitializeUserDetailsManagerConfigurer - Global AuthenticationManager configured with an AuthenticationProvider bean. UserDetailsService beans will not be used by Spring Security for automatically configuring username/password login. Consider removing the AuthenticationProvider bean. Alternatively, consider using the UserDetailsService in a manually instantiated DaoAuthenticationProvider. If the current configuration is intentional, to turn off this warning, increase the logging level of 'org.springframework.security.config.annotation.authentication.configuration.InitializeUserDetailsBeanManagerConfigurer' to ERROR
[2025-11-12 09:15:03:4827][restartedMain] WARN  o.s.s.c.a.web.builders.WebSecurity - You are asking Spring Security to ignore Deferred [Mvc [pattern='/static/imgs/**'], Ant [pattern='/static/imgs/**']]. This is not recommended -- please use permitAll via HttpSecurity#authorizeHttpRequests instead.
[2025-11-12 09:15:03:4827][restartedMain] WARN  o.s.s.c.a.web.builders.WebSecurity - You are asking Spring Security to ignore org.springframework.boot.autoconfigure.security.servlet.StaticResourceRequest$StaticResourceRequestMatcher@43796ca0. This is not recommended -- please use permitAll via HttpSecurity#authorizeHttpRequests instead.
[2025-11-12 09:15:03:5020][restartedMain] INFO  o.s.w.s.a.s.AnnotationActionEndpointMapping - Supporting [WS-Addressing August 2004, WS-Addressing 1.0]
[2025-11-12 09:15:03:5048][restartedMain] INFO  o.s.b.d.a.OptionalLiveReloadServer - LiveReload server is running on port 35729
[2025-11-12 09:15:03:5062][restartedMain] INFO  o.a.coyote.http11.Http11NioProtocol - Starting ProtocolHandler ["http-nio-9090"]
[2025-11-12 09:15:03:5072][restartedMain] INFO  o.s.b.w.e.tomcat.TomcatWebServer - Tomcat started on port 9090 (http) with context path '/'
[2025-11-12 09:15:03:5077][restartedMain] INFO  i.korea.app_boot.AppBootApplication - Started AppBootApplication in 4.703 seconds (process running for 5.46)
[2025-11-12 09:16:32:93975][http-nio-9090-exec-1] INFO  o.a.c.c.C.[Tomcat].[localhost].[/] - Initializing Spring DispatcherServlet 'dispatcherServlet'
[2025-11-12 09:16:32:93975][http-nio-9090-exec-1] INFO  o.s.web.servlet.DispatcherServlet - Initializing Servlet 'dispatcherServlet'
[2025-11-12 09:16:32:93976][http-nio-9090-exec-1] INFO  o.s.web.servlet.DispatcherServlet - Completed initialization in 1 ms
[2025-11-12 09:16:32:94671][http-nio-9090-exec-1] WARN  o.s.w.s.m.m.a.ExceptionHandlerExceptionResolver - Resolved [org.springframework.web.servlet.resource.NoResourceFoundException: No static resource favicon.ico.]
[2025-11-12 09:16:38:100468][http-nio-9090-exec-4] DEBUG org.hibernate.SQL - 
    select
        ue1_0.user_id,
        ue1_0.addr,
        ue1_0.addr_detail,
        ue1_0.birth,
        ue1_0.create_date,
        ue1_0.del_yn,
        ue1_0.email,
        ue1_0.gender,
        ue1_0.passwd,
        ue1_0.phone,
        ue1_0.user_role,
        ue1_0.update_date,
        ue1_0.use_yn,
        ue1_0.user_name 
    from
        tb_users ue1_0 
    where
        ue1_0.user_id=?
[2025-11-12 09:16:38:100476][http-nio-9090-exec-4] INFO  p6spy - 2025-11-12 09:16:38 | OperationTime : 4ms | 
(P6Spy sql,Hibernate format):

    select
        ue1_0.user_id,
        ue1_0.addr,
        ue1_0.addr_detail,
        ue1_0.birth,
        ue1_0.create_date,
        ue1_0.del_yn,
        ue1_0.email,
        ue1_0.gender,
        ue1_0.passwd,
        ue1_0.phone,
        ue1_0.user_role,
        ue1_0.update_date,
        ue1_0.use_yn,
        ue1_0.user_name 
    from
        tb_users ue1_0 
    where
        ue1_0.user_id='admin'
[2025-11-12 09:16:38:100494][http-nio-9090-exec-4] INFO  p6spy - 2025-11-12 09:16:38 | OperationTime : 0ms | 
P6Spy sql:

[2025-11-12 09:16:39:100982][http-nio-9090-exec-5] WARN  o.s.w.s.m.m.a.ExceptionHandlerExceptionResolver - Resolved [org.springframework.web.servlet.resource.NoResourceFoundException: No static resource favicon.ico.]
[2025-11-12 09:16:39:100984][http-nio-9090-exec-4] INFO  i.k.a.b.c.BoardAPIController - ============== 게시판 데이터 가져오기 =====================
[2025-11-12 09:16:39:101019][http-nio-9090-exec-4] DEBUG org.hibernate.SQL - 
    select
        be1_0.brd_id,
        be1_0.contents,
        be1_0.create_date,
        be1_0.like_count,
        be1_0.read_count,
        be1_0.title,
        be1_0.update_date,
        be1_0.writer 
    from
        board be1_0 
    order by
        be1_0.brd_id desc 
    limit
        ?, ?
[2025-11-12 09:16:39:101022][http-nio-9090-exec-4] INFO  p6spy - 2025-11-12 09:16:39 | OperationTime : 1ms | 
(P6Spy sql,Hibernate format):

    select
        be1_0.brd_id,
        be1_0.contents,
        be1_0.create_date,
        be1_0.like_count,
        be1_0.read_count,
        be1_0.title,
        be1_0.update_date,
        be1_0.writer 
    from
        board be1_0 
    order by
        be1_0.brd_id desc 
    limit
        0, 10
[2025-11-12 09:16:39:101033][http-nio-9090-exec-4] DEBUG org.hibernate.SQL - 
    select
        count(be1_0.brd_id) 
    from
        board be1_0
[2025-11-12 09:16:39:101034][http-nio-9090-exec-4] INFO  p6spy - 2025-11-12 09:16:39 | OperationTime : 1ms | 
(P6Spy sql,Hibernate format):

    select
        count(be1_0.brd_id) 
    from
        board be1_0
[2025-11-12 09:16:39:101035][http-nio-9090-exec-4] INFO  p6spy - 2025-11-12 09:16:39 | OperationTime : 0ms | 
P6Spy sql:

[2025-11-12 09:16:51:113087][http-nio-9090-exec-2] INFO  i.k.a.b.c.BoardAPIController - ============== 게시판 데이터 가져오기 =====================
[2025-11-12 09:16:51:113096][http-nio-9090-exec-2] DEBUG org.hibernate.SQL - 
    select
        be1_0.brd_id,
        be1_0.contents,
        be1_0.create_date,
        be1_0.like_count,
        be1_0.read_count,
        be1_0.title,
        be1_0.update_date,
        be1_0.writer 
    from
        board be1_0 
    where
        be1_0.title like replace(?, '\\', '\\\\') 
    order by
        be1_0.brd_id desc 
    limit
        ?, ?
[2025-11-12 09:16:51:113098][http-nio-9090-exec-2] INFO  p6spy - 2025-11-12 09:16:51 | OperationTime : 0ms | 
(P6Spy sql,Hibernate format):

    select
        be1_0.brd_id,
        be1_0.contents,
        be1_0.create_date,
        be1_0.like_count,
        be1_0.read_count,
        be1_0.title,
        be1_0.update_date,
        be1_0.writer 
    from
        board be1_0 
    where
        be1_0.title like replace('%스웨거%', '\\', '\\\\') 
    order by
        be1_0.brd_id desc 
    limit
        0, 10
[2025-11-12 09:16:51:113099][http-nio-9090-exec-2] INFO  p6spy - 2025-11-12 09:16:51 | OperationTime : 0ms | 
P6Spy sql:

[2025-11-12 10:00:50:2752175][SpringApplicationShutdownHook] INFO  o.s.b.w.e.tomcat.GracefulShutdown - Commencing graceful shutdown. Waiting for active requests to complete
[2025-11-12 10:00:50:2752178][tomcat-shutdown] INFO  o.s.b.w.e.tomcat.GracefulShutdown - Graceful shutdown complete
[2025-11-12 10:00:50:2752182][SpringApplicationShutdownHook] INFO  o.s.o.j.LocalContainerEntityManagerFactoryBean - Closing JPA EntityManagerFactory for persistence unit 'default'
[2025-11-12 10:00:50:2752184][SpringApplicationShutdownHook] INFO  com.zaxxer.hikari.HikariDataSource - HikariPool-1 - Shutdown initiated...
[2025-11-12 10:00:50:2752188][SpringApplicationShutdownHook] INFO  com.zaxxer.hikari.HikariDataSource - HikariPool-1 - Shutdown completed.
